have_library: checking for rig_allocate() in -lhamlib... -------------------- no

"cc -o conftest -I. -I/usr/lib/ruby/1.8/i486-linux -I.  -Wall -I./hamlib-1.2.8/include -I/mnt/sdb/bin/ruby-ham/ext/hamlib-1.2.8/src -L/usr/local/lib conftest.c  -L"." -L"/usr/lib" -L. -Wl,-Bsymbolic-functions -rdynamic -Wl,-export-dynamic     -lruby1.8-static -lhamlib  -lpthread -ldl -lcrypt -lm   -lc"
conftest.c: In function ‘t’:
conftest.c:3: error: ‘rig_allocate’ undeclared (first use in this function)
conftest.c:3: error: (Each undeclared identifier is reported only once
conftest.c:3: error: for each function it appears in.)
checked program was:
/* begin */
1: /*top*/
2: int main() { return 0; }
3: int t() { void ((*volatile p)()); p = (void ((*)()))rig_allocate; return 0; }
/* end */

"cc -o conftest -I. -I/usr/lib/ruby/1.8/i486-linux -I.  -Wall -I./hamlib-1.2.8/include -I/mnt/sdb/bin/ruby-ham/ext/hamlib-1.2.8/src -L/usr/local/lib conftest.c  -L"." -L"/usr/lib" -L. -Wl,-Bsymbolic-functions -rdynamic -Wl,-export-dynamic     -lruby1.8-static -lhamlib  -lpthread -ldl -lcrypt -lm   -lc"
conftest.c: In function ‘t’:
conftest.c:3: warning: implicit declaration of function ‘rig_allocate’
/tmp/ccEGiKFZ.o: In function `t':
conftest.c:(.text+0x20): undefined reference to `rig_allocate'
collect2: ld returned 1 exit status
checked program was:
/* begin */
1: /*top*/
2: int main() { return 0; }
3: int t() { rig_allocate(); return 0; }
/* end */

--------------------

