This file contains any messages produced by compilers while
running configure, to aid debugging if configure makes a mistake.

It was created by libltdl configure 1.2, which was
generated by GNU Autoconf 2.59.  Invocation command line was

  $ ./configure --prefix=/usr/local --without-python-binding --without-perl-binding --without-tcl-binding --enable-ltdl-convenience --cache-file=/dev/null --srcdir=.

## --------- ##
## Platform. ##
## --------- ##

hostname = ganon
uname -m = i686
uname -r = 2.6.24-22-generic
uname -s = Linux
uname -v = #1 SMP Mon Nov 24 18:32:42 UTC 2008

/usr/bin/uname -p = unknown
/bin/uname -X     = unknown

/bin/arch              = unknown
/usr/bin/arch -k       = unknown
/usr/convex/getsysinfo = unknown
hostinfo               = unknown
/bin/machine           = unknown
/usr/bin/oslevel       = unknown
/bin/universe          = unknown

PATH: /home/doug/bin
PATH: /usr/local/sbin
PATH: /usr/local/bin
PATH: /usr/sbin
PATH: /usr/bin
PATH: /sbin
PATH: /bin
PATH: /usr/games


## ----------- ##
## Core tests. ##
## ----------- ##

configure:1582: checking for a BSD-compatible install
configure:1637: result: /usr/bin/install -c
configure:1648: checking whether build environment is sane
configure:1691: result: yes
configure:1748: checking for gawk
configure:1764: found /usr/bin/gawk
configure:1774: result: gawk
configure:1784: checking whether make sets $(MAKE)
configure:1804: result: yes
configure:1961: checking whether to enable maintainer-specific portions of Makefiles
configure:1970: result: no
configure:2036: checking for gcc
configure:2052: found /usr/bin/gcc
configure:2062: result: gcc
configure:2306: checking for C compiler version
configure:2309: gcc --version </dev/null >&5
gcc (GCC) 4.2.4 (Ubuntu 4.2.4-1ubuntu3)
Copyright (C) 2007 Free Software Foundation, Inc.
This is free software; see the source for copying conditions.  There is NO
warranty; not even for MERCHANTABILITY or FITNESS FOR A PARTICULAR PURPOSE.

configure:2312: $? = 0
configure:2314: gcc -v </dev/null >&5
Using built-in specs.
Target: i486-linux-gnu
Configured with: ../src/configure -v --enable-languages=c,c++,fortran,objc,obj-c++,treelang --prefix=/usr --enable-shared --with-system-zlib --libexecdir=/usr/lib --without-included-gettext --enable-threads=posix --enable-nls --with-gxx-include-dir=/usr/include/c++/4.2 --program-suffix=-4.2 --enable-clocale=gnu --enable-libstdcxx-debug --enable-objc-gc --enable-mpfr --enable-targets=all --enable-checking=release --build=i486-linux-gnu --host=i486-linux-gnu --target=i486-linux-gnu
Thread model: posix
gcc version 4.2.4 (Ubuntu 4.2.4-1ubuntu3)
configure:2317: $? = 0
configure:2319: gcc -V </dev/null >&5
gcc: '-V' option must have argument
configure:2322: $? = 1
configure:2345: checking for C compiler default output file name
configure:2348: gcc    conftest.c  >&5
configure:2351: $? = 0
configure:2397: result: a.out
configure:2402: checking whether the C compiler works
configure:2408: ./a.out
configure:2411: $? = 0
configure:2428: result: yes
configure:2435: checking whether we are cross compiling
configure:2437: result: no
configure:2440: checking for suffix of executables
configure:2442: gcc -o conftest    conftest.c  >&5
configure:2445: $? = 0
configure:2470: result: 
configure:2476: checking for suffix of object files
configure:2497: gcc -c   conftest.c >&5
configure:2500: $? = 0
configure:2522: result: o
configure:2526: checking whether we are using the GNU C compiler
configure:2550: gcc -c   conftest.c >&5
configure:2556: $? = 0
configure:2559: test -z 			 || test ! -s conftest.err
configure:2562: $? = 0
configure:2565: test -s conftest.o
configure:2568: $? = 0
configure:2581: result: yes
configure:2587: checking whether gcc accepts -g
configure:2608: gcc -c -g  conftest.c >&5
configure:2614: $? = 0
configure:2617: test -z 			 || test ! -s conftest.err
configure:2620: $? = 0
configure:2623: test -s conftest.o
configure:2626: $? = 0
configure:2637: result: yes
configure:2654: checking for gcc option to accept ANSI C
configure:2724: gcc  -c -g -O2  conftest.c >&5
configure:2730: $? = 0
configure:2733: test -z 			 || test ! -s conftest.err
configure:2736: $? = 0
configure:2739: test -s conftest.o
configure:2742: $? = 0
configure:2760: result: none needed
configure:2778: gcc -c -g -O2  conftest.c >&5
conftest.c:2: error: expected '=', ',', ';', 'asm' or '__attribute__' before 'me'
configure:2784: $? = 1
configure: failed program was:
| #ifndef __cplusplus
|   choke me
| #endif
configure:2925: checking for style of include used by make
configure:2953: result: GNU
configure:2981: checking dependency style of gcc
configure:3071: result: none
configure:3089: checking for an ANSI C-conforming const
configure:3156: gcc -c -g -O2  conftest.c >&5
configure:3162: $? = 0
configure:3165: test -z 			 || test ! -s conftest.err
configure:3168: $? = 0
configure:3171: test -s conftest.o
configure:3174: $? = 0
configure:3185: result: yes
configure:3195: checking for inline
configure:3216: gcc -c -g -O2  conftest.c >&5
configure:3222: $? = 0
configure:3225: test -z 			 || test ! -s conftest.err
configure:3228: $? = 0
configure:3231: test -s conftest.o
configure:3234: $? = 0
configure:3246: result: inline
configure:3350: checking build system type
configure:3368: result: i686-pc-linux-gnu
configure:3376: checking host system type
configure:3390: result: i686-pc-linux-gnu
configure:3398: checking for a sed that does not truncate output
configure:3452: result: /bin/sed
configure:3455: checking for egrep
configure:3465: result: grep -E
configure:3481: checking for ld used by gcc
configure:3548: result: /usr/bin/ld
configure:3557: checking if the linker (/usr/bin/ld) is GNU ld
configure:3572: result: yes
configure:3577: checking for /usr/bin/ld option to reload object files
configure:3584: result: -r
configure:3593: checking for BSD-compatible nm
configure:3635: result: /usr/bin/nm -B
configure:3639: checking whether ln -s works
configure:3643: result: yes
configure:3650: checking how to recognise dependent libraries
configure:3824: result: pass_all
configure:4278: checking how to run the C preprocessor
configure:4313: gcc -E  conftest.c
configure:4319: $? = 0
configure:4351: gcc -E  conftest.c
conftest.c:9:28: error: ac_nonexistent.h: No such file or directory
configure:4357: $? = 1
configure: failed program was:
| /* confdefs.h.  */
| 
| #define PACKAGE_NAME "libltdl"
| #define PACKAGE_TARNAME "libltdl"
| #define PACKAGE_VERSION "1.2"
| #define PACKAGE_STRING "libltdl 1.2"
| #define PACKAGE_BUGREPORT "bug-libtool@gnu.org"
| /* end confdefs.h.  */
| #include <ac_nonexistent.h>
configure:4396: result: gcc -E
configure:4420: gcc -E  conftest.c
configure:4426: $? = 0
configure:4458: gcc -E  conftest.c
conftest.c:9:28: error: ac_nonexistent.h: No such file or directory
configure:4464: $? = 1
configure: failed program was:
| /* confdefs.h.  */
| 
| #define PACKAGE_NAME "libltdl"
| #define PACKAGE_TARNAME "libltdl"
| #define PACKAGE_VERSION "1.2"
| #define PACKAGE_STRING "libltdl 1.2"
| #define PACKAGE_BUGREPORT "bug-libtool@gnu.org"
| /* end confdefs.h.  */
| #include <ac_nonexistent.h>
configure:4508: checking for ANSI C header files
configure:4533: gcc -c -g -O2  conftest.c >&5
configure:4539: $? = 0
configure:4542: test -z 			 || test ! -s conftest.err
configure:4545: $? = 0
configure:4548: test -s conftest.o
configure:4551: $? = 0
configure:4640: gcc -o conftest -g -O2   conftest.c  >&5
conftest.c: In function 'main':
conftest.c:26: warning: incompatible implicit declaration of built-in function 'exit'
configure:4643: $? = 0
configure:4645: ./conftest
configure:4648: $? = 0
configure:4663: result: yes
configure:4687: checking for sys/types.h
configure:4703: gcc -c -g -O2  conftest.c >&5
configure:4709: $? = 0
configure:4712: test -z 			 || test ! -s conftest.err
configure:4715: $? = 0
configure:4718: test -s conftest.o
configure:4721: $? = 0
configure:4732: result: yes
configure:4687: checking for sys/stat.h
configure:4703: gcc -c -g -O2  conftest.c >&5
configure:4709: $? = 0
configure:4712: test -z 			 || test ! -s conftest.err
configure:4715: $? = 0
configure:4718: test -s conftest.o
configure:4721: $? = 0
configure:4732: result: yes
configure:4687: checking for stdlib.h
configure:4703: gcc -c -g -O2  conftest.c >&5
configure:4709: $? = 0
configure:4712: test -z 			 || test ! -s conftest.err
configure:4715: $? = 0
configure:4718: test -s conftest.o
configure:4721: $? = 0
configure:4732: result: yes
configure:4687: checking for string.h
configure:4703: gcc -c -g -O2  conftest.c >&5
configure:4709: $? = 0
configure:4712: test -z 			 || test ! -s conftest.err
configure:4715: $? = 0
configure:4718: test -s conftest.o
configure:4721: $? = 0
configure:4732: result: yes
configure:4687: checking for memory.h
configure:4703: gcc -c -g -O2  conftest.c >&5
configure:4709: $? = 0
configure:4712: test -z 			 || test ! -s conftest.err
configure:4715: $? = 0
configure:4718: test -s conftest.o
configure:4721: $? = 0
configure:4732: result: yes
configure:4687: checking for strings.h
configure:4703: gcc -c -g -O2  conftest.c >&5
configure:4709: $? = 0
configure:4712: test -z 			 || test ! -s conftest.err
configure:4715: $? = 0
configure:4718: test -s conftest.o
configure:4721: $? = 0
configure:4732: result: yes
configure:4687: checking for inttypes.h
configure:4703: gcc -c -g -O2  conftest.c >&5
configure:4709: $? = 0
configure:4712: test -z 			 || test ! -s conftest.err
configure:4715: $? = 0
configure:4718: test -s conftest.o
configure:4721: $? = 0
configure:4732: result: yes
configure:4687: checking for stdint.h
configure:4703: gcc -c -g -O2  conftest.c >&5
configure:4709: $? = 0
configure:4712: test -z 			 || test ! -s conftest.err
configure:4715: $? = 0
configure:4718: test -s conftest.o
configure:4721: $? = 0
configure:4732: result: yes
configure:4687: checking for unistd.h
configure:4703: gcc -c -g -O2  conftest.c >&5
configure:4709: $? = 0
configure:4712: test -z 			 || test ! -s conftest.err
configure:4715: $? = 0
configure:4718: test -s conftest.o
configure:4721: $? = 0
configure:4732: result: yes
configure:4758: checking dlfcn.h usability
configure:4770: gcc -c -g -O2  conftest.c >&5
configure:4776: $? = 0
configure:4779: test -z 			 || test ! -s conftest.err
configure:4782: $? = 0
configure:4785: test -s conftest.o
configure:4788: $? = 0
configure:4798: result: yes
configure:4802: checking dlfcn.h presence
configure:4812: gcc -E  conftest.c
configure:4818: $? = 0
configure:4838: result: yes
configure:4873: checking for dlfcn.h
configure:4880: result: yes
configure:4945: checking for g++
configure:4961: found /usr/bin/g++
configure:4971: result: g++
configure:4987: checking for C++ compiler version
configure:4990: g++ --version </dev/null >&5
g++ (GCC) 4.2.4 (Ubuntu 4.2.4-1ubuntu3)
Copyright (C) 2007 Free Software Foundation, Inc.
This is free software; see the source for copying conditions.  There is NO
warranty; not even for MERCHANTABILITY or FITNESS FOR A PARTICULAR PURPOSE.

configure:4993: $? = 0
configure:4995: g++ -v </dev/null >&5
Using built-in specs.
Target: i486-linux-gnu
Configured with: ../src/configure -v --enable-languages=c,c++,fortran,objc,obj-c++,treelang --prefix=/usr --enable-shared --with-system-zlib --libexecdir=/usr/lib --without-included-gettext --enable-threads=posix --enable-nls --with-gxx-include-dir=/usr/include/c++/4.2 --program-suffix=-4.2 --enable-clocale=gnu --enable-libstdcxx-debug --enable-objc-gc --enable-mpfr --enable-targets=all --enable-checking=release --build=i486-linux-gnu --host=i486-linux-gnu --target=i486-linux-gnu
Thread model: posix
gcc version 4.2.4 (Ubuntu 4.2.4-1ubuntu3)
configure:4998: $? = 0
configure:5000: g++ -V </dev/null >&5
g++: '-V' option must have argument
configure:5003: $? = 1
configure:5006: checking whether we are using the GNU C++ compiler
configure:5030: g++ -c   conftest.cc >&5
configure:5036: $? = 0
configure:5039: test -z 			 || test ! -s conftest.err
configure:5042: $? = 0
configure:5045: test -s conftest.o
configure:5048: $? = 0
configure:5061: result: yes
configure:5067: checking whether g++ accepts -g
configure:5088: g++ -c -g  conftest.cc >&5
configure:5094: $? = 0
configure:5097: test -z 			 || test ! -s conftest.err
configure:5100: $? = 0
configure:5103: test -s conftest.o
configure:5106: $? = 0
configure:5117: result: yes
configure:5159: g++ -c -g -O2  conftest.cc >&5
configure:5165: $? = 0
configure:5168: test -z 			 || test ! -s conftest.err
configure:5171: $? = 0
configure:5174: test -s conftest.o
configure:5177: $? = 0
configure:5203: g++ -c -g -O2  conftest.cc >&5
conftest.cc: In function 'int main()':
conftest.cc:24: error: 'exit' was not declared in this scope
configure:5209: $? = 1
configure: failed program was:
| /* confdefs.h.  */
| 
| #define PACKAGE_NAME "libltdl"
| #define PACKAGE_TARNAME "libltdl"
| #define PACKAGE_VERSION "1.2"
| #define PACKAGE_STRING "libltdl 1.2"
| #define PACKAGE_BUGREPORT "bug-libtool@gnu.org"
| #define STDC_HEADERS 1
| #define HAVE_SYS_TYPES_H 1
| #define HAVE_SYS_STAT_H 1
| #define HAVE_STDLIB_H 1
| #define HAVE_STRING_H 1
| #define HAVE_MEMORY_H 1
| #define HAVE_STRINGS_H 1
| #define HAVE_INTTYPES_H 1
| #define HAVE_STDINT_H 1
| #define HAVE_UNISTD_H 1
| #define HAVE_DLFCN_H 1
| /* end confdefs.h.  */
| 
| int
| main ()
| {
| exit (42);
|   ;
|   return 0;
| }
configure:5159: g++ -c -g -O2  conftest.cc >&5
conftest.cc:20: error: 'void std::exit(int)' should have been declared inside 'std'
configure:5165: $? = 1
configure: failed program was:
| /* confdefs.h.  */
| 
| #define PACKAGE_NAME "libltdl"
| #define PACKAGE_TARNAME "libltdl"
| #define PACKAGE_VERSION "1.2"
| #define PACKAGE_STRING "libltdl 1.2"
| #define PACKAGE_BUGREPORT "bug-libtool@gnu.org"
| #define STDC_HEADERS 1
| #define HAVE_SYS_TYPES_H 1
| #define HAVE_SYS_STAT_H 1
| #define HAVE_STDLIB_H 1
| #define HAVE_STRING_H 1
| #define HAVE_MEMORY_H 1
| #define HAVE_STRINGS_H 1
| #define HAVE_INTTYPES_H 1
| #define HAVE_STDINT_H 1
| #define HAVE_UNISTD_H 1
| #define HAVE_DLFCN_H 1
| /* end confdefs.h.  */
| extern "C" void std::exit (int) throw (); using std::exit;
| #include <stdlib.h>
| int
| main ()
| {
| exit (42);
|   ;
|   return 0;
| }
configure:5159: g++ -c -g -O2  conftest.cc >&5
conftest.cc:20: error: 'void std::exit(int)' should have been declared inside 'std'
In file included from conftest.cc:21:
/usr/include/stdlib.h:531: error: declaration of 'void std::exit(int) throw ()' throws different exceptions
conftest.cc:20: error: from previous declaration 'void std::exit(int)'
configure:5165: $? = 1
configure: failed program was:
| /* confdefs.h.  */
| 
| #define PACKAGE_NAME "libltdl"
| #define PACKAGE_TARNAME "libltdl"
| #define PACKAGE_VERSION "1.2"
| #define PACKAGE_STRING "libltdl 1.2"
| #define PACKAGE_BUGREPORT "bug-libtool@gnu.org"
| #define STDC_HEADERS 1
| #define HAVE_SYS_TYPES_H 1
| #define HAVE_SYS_STAT_H 1
| #define HAVE_STDLIB_H 1
| #define HAVE_STRING_H 1
| #define HAVE_MEMORY_H 1
| #define HAVE_STRINGS_H 1
| #define HAVE_INTTYPES_H 1
| #define HAVE_STDINT_H 1
| #define HAVE_UNISTD_H 1
| #define HAVE_DLFCN_H 1
| /* end confdefs.h.  */
| extern "C" void std::exit (int); using std::exit;
| #include <stdlib.h>
| int
| main ()
| {
| exit (42);
|   ;
|   return 0;
| }
configure:5159: g++ -c -g -O2  conftest.cc >&5
configure:5165: $? = 0
configure:5168: test -z 			 || test ! -s conftest.err
configure:5171: $? = 0
configure:5174: test -s conftest.o
configure:5177: $? = 0
configure:5203: g++ -c -g -O2  conftest.cc >&5
configure:5209: $? = 0
configure:5212: test -z 			 || test ! -s conftest.err
configure:5215: $? = 0
configure:5218: test -s conftest.o
configure:5221: $? = 0
configure:5246: checking dependency style of g++
configure:5336: result: none
configure:5358: checking how to run the C++ preprocessor
configure:5389: g++ -E  conftest.cc
configure:5395: $? = 0
configure:5427: g++ -E  conftest.cc
conftest.cc:23:28: error: ac_nonexistent.h: No such file or directory
configure:5433: $? = 1
configure: failed program was:
| /* confdefs.h.  */
| 
| #define PACKAGE_NAME "libltdl"
| #define PACKAGE_TARNAME "libltdl"
| #define PACKAGE_VERSION "1.2"
| #define PACKAGE_STRING "libltdl 1.2"
| #define PACKAGE_BUGREPORT "bug-libtool@gnu.org"
| #define STDC_HEADERS 1
| #define HAVE_SYS_TYPES_H 1
| #define HAVE_SYS_STAT_H 1
| #define HAVE_STDLIB_H 1
| #define HAVE_STRING_H 1
| #define HAVE_MEMORY_H 1
| #define HAVE_STRINGS_H 1
| #define HAVE_INTTYPES_H 1
| #define HAVE_STDINT_H 1
| #define HAVE_UNISTD_H 1
| #define HAVE_DLFCN_H 1
| #ifdef __cplusplus
| extern "C" void exit (int) throw ();
| #endif
| /* end confdefs.h.  */
| #include <ac_nonexistent.h>
configure:5472: result: g++ -E
configure:5496: g++ -E  conftest.cc
configure:5502: $? = 0
configure:5534: g++ -E  conftest.cc
conftest.cc:23:28: error: ac_nonexistent.h: No such file or directory
configure:5540: $? = 1
configure: failed program was:
| /* confdefs.h.  */
| 
| #define PACKAGE_NAME "libltdl"
| #define PACKAGE_TARNAME "libltdl"
| #define PACKAGE_VERSION "1.2"
| #define PACKAGE_STRING "libltdl 1.2"
| #define PACKAGE_BUGREPORT "bug-libtool@gnu.org"
| #define STDC_HEADERS 1
| #define HAVE_SYS_TYPES_H 1
| #define HAVE_SYS_STAT_H 1
| #define HAVE_STDLIB_H 1
| #define HAVE_STRING_H 1
| #define HAVE_MEMORY_H 1
| #define HAVE_STRINGS_H 1
| #define HAVE_INTTYPES_H 1
| #define HAVE_STDINT_H 1
| #define HAVE_UNISTD_H 1
| #define HAVE_DLFCN_H 1
| #ifdef __cplusplus
| extern "C" void exit (int) throw ();
| #endif
| /* end confdefs.h.  */
| #include <ac_nonexistent.h>
configure:5635: checking for g77
configure:5664: result: no
configure:5635: checking for f77
configure:5664: result: no
configure:5635: checking for xlf
configure:5664: result: no
configure:5635: checking for frt
configure:5664: result: no
configure:5635: checking for pgf77
configure:5664: result: no
configure:5635: checking for fort77
configure:5664: result: no
configure:5635: checking for fl32
configure:5664: result: no
configure:5635: checking for af77
configure:5664: result: no
configure:5635: checking for f90
configure:5664: result: no
configure:5635: checking for xlf90
configure:5664: result: no
configure:5635: checking for pgf90
configure:5664: result: no
configure:5635: checking for epcf90
configure:5664: result: no
configure:5635: checking for f95
configure:5664: result: no
configure:5635: checking for fort
configure:5664: result: no
configure:5635: checking for xlf95
configure:5664: result: no
configure:5635: checking for ifc
configure:5664: result: no
configure:5635: checking for efc
configure:5664: result: no
configure:5635: checking for pgf95
configure:5664: result: no
configure:5635: checking for lf95
configure:5664: result: no
configure:5635: checking for gfortran
configure:5664: result: no
configure:5676: checking for Fortran 77 compiler version
configure:5679:  --version </dev/null >&5
./configure: line 5680: --version: command not found
configure:5682: $? = 127
configure:5684:  -v </dev/null >&5
./configure: line 5685: -v: command not found
configure:5687: $? = 127
configure:5689:  -V </dev/null >&5
./configure: line 5690: -V: command not found
configure:5692: $? = 127
configure:5700: checking whether we are using the GNU Fortran 77 compiler
configure:5714:  -c  conftest.F >&5
./configure: line 5715: -c: command not found
configure:5720: $? = 127
configure: failed program was:
|       program main
| #ifndef __GNUC__
|        choke me
| #endif
| 
|       end
configure:5745: result: no
configure:5751: checking whether  accepts -g
configure:5763:  -c -g conftest.f >&5
./configure: line 5764: -c: command not found
configure:5769: $? = 127
configure: failed program was:
|       program main
| 
|       end
configure:5793: result: no
configure:5823: checking the maximum length of command line arguments
configure:5888: result: 32768
configure:5899: checking command to parse /usr/bin/nm -B output from gcc object
configure:5988: gcc -c -g -O2  conftest.c >&5
configure:5991: $? = 0
configure:5995: /usr/bin/nm -B conftest.o \| sed -n -e 's/^.*[ 	]\([ABCDGIRSTW][ABCDGIRSTW]*\)[ 	][ 	]*\(\)\([_A-Za-z][_A-Za-z0-9]*\)$/\1 \2\3 \3/p' \> conftest.nm
configure:5998: $? = 0
configure:6050: gcc -o conftest -g -O2   conftest.c conftstm.o >&5
configure:6053: $? = 0
configure:6091: result: ok
configure:6095: checking for objdir
configure:6110: result: .libs
configure:6200: checking for ar
configure:6216: found /usr/bin/ar
configure:6227: result: ar
configure:6280: checking for ranlib
configure:6296: found /usr/bin/ranlib
configure:6307: result: ranlib
configure:6360: checking for strip
configure:6376: found /usr/bin/strip
configure:6387: result: strip
configure:6649: checking if gcc static flag  works
configure:6672: result: yes
configure:6694: checking if gcc supports -fno-rtti -fno-exceptions
configure:6712: gcc -c -g -O2  -fno-rtti -fno-exceptions conftest.c >&5
cc1: warning: command line option "-fno-rtti" is valid for C++/ObjC++ but not for C
configure:6716: $? = 0
configure:6727: result: no
configure:6742: checking for gcc option to produce PIC
configure:6919: result: -fPIC
configure:6927: checking if gcc PIC flag -fPIC works
configure:6945: gcc -c -g -O2  -fPIC -DPIC conftest.c >&5
configure:6949: $? = 0
configure:6960: result: yes
configure:6984: checking if gcc supports -c -o file.o
configure:7005: gcc -c -g -O2  -o out/conftest2.o conftest.c >&5
configure:7009: $? = 0
configure:7029: result: yes
configure:7055: checking whether the gcc linker (/usr/bin/ld) supports shared libraries
configure:7902: result: yes
configure:7928: checking whether -lc should be explicitly linked in
configure:7933: gcc -c -g -O2  conftest.c >&5
configure:7936: $? = 0
configure:7950: gcc -shared conftest.o  -v -Wl,-soname -Wl,conftest -o conftest 2\>\&1 \| grep  -lc  \>/dev/null 2\>\&1
configure:7953: $? = 0
configure:7965: result: no
configure:7973: checking dynamic linker characteristics
configure:8525: result: GNU/Linux ld.so
configure:8529: checking how to hardcode library paths into programs
configure:8554: result: immediate
configure:8568: checking whether stripping libraries is possible
configure:8573: result: yes
configure:9396: checking if libtool supports shared libraries
configure:9398: result: yes
configure:9401: checking whether to build shared libraries
configure:9459: result: yes
configure:9462: checking whether to build static libraries
configure:9466: result: yes
configure:9558: creating libtool
configure:10105: checking for ld used by g++
configure:10172: result: /usr/bin/ld
configure:10181: checking if the linker (/usr/bin/ld) is GNU ld
configure:10196: result: yes
configure:10247: checking whether the g++ linker (/usr/bin/ld) supports shared libraries
configure:11073: result: yes
configure:11095: g++ -c -g -O2  conftest.cc >&5
configure:11098: $? = 0
configure:11194: checking for g++ option to produce PIC
configure:11446: result: -fPIC
configure:11454: checking if g++ PIC flag -fPIC works
configure:11472: g++ -c -g -O2  -fPIC -DPIC conftest.cc >&5
configure:11476: $? = 0
configure:11487: result: yes
configure:11511: checking if g++ supports -c -o file.o
configure:11532: g++ -c -g -O2  -o out/conftest2.o conftest.cc >&5
configure:11536: $? = 0
configure:11556: result: yes
configure:11582: checking whether the g++ linker (/usr/bin/ld) supports shared libraries
configure:11610: result: yes
configure:11681: checking dynamic linker characteristics
configure:12233: result: GNU/Linux ld.so
configure:12237: checking how to hardcode library paths into programs
configure:12262: result: immediate
configure:12276: checking whether stripping libraries is possible
configure:12281: result: yes
configure:19538: checking for dirent.h that defines DIR
configure:19562: gcc -c -g -O2  conftest.c >&5
configure:19568: $? = 0
configure:19571: test -z 			 || test ! -s conftest.err
configure:19574: $? = 0
configure:19577: test -s conftest.o
configure:19580: $? = 0
configure:19591: result: yes
configure:19604: checking for library containing opendir
configure:19634: gcc -o conftest -g -O2   conftest.c  >&5
configure:19640: $? = 0
configure:19643: test -z 			 || test ! -s conftest.err
configure:19646: $? = 0
configure:19649: test -s conftest
configure:19652: $? = 0
configure:19721: result: none required
configure:19883: checking which extension is used for loadable modules
configure:19893: result: .so
configure:19904: checking which variable specifies run-time library path
configure:19911: result: LD_LIBRARY_PATH
configure:19922: checking for the default library search path
configure:19929: result: /lib /usr/lib include /etc/ld.so.conf.d/*.conf  
configure:19947: checking for objdir
configure:19968: result: .libs
configure:19977: checking whether libtool supports -dlopen/-dlpreopen
configure:19989: result: yes
configure:20008: checking for shl_load
configure:20065: gcc -o conftest -g -O2   conftest.c  >&5
/tmp/ccc8pfRg.o: In function `main':
/mnt/sdb/bin/ruby-ham/ext/hamlib-1.2.8/libltdl/conftest.c:68: undefined reference to `shl_load'
/tmp/ccc8pfRg.o:(.data+0x0): undefined reference to `shl_load'
collect2: ld returned 1 exit status
configure:20071: $? = 1
configure: failed program was:
| /* confdefs.h.  */
| 
| #define PACKAGE_NAME "libltdl"
| #define PACKAGE_TARNAME "libltdl"
| #define PACKAGE_VERSION "1.2"
| #define PACKAGE_STRING "libltdl 1.2"
| #define PACKAGE_BUGREPORT "bug-libtool@gnu.org"
| #define STDC_HEADERS 1
| #define HAVE_SYS_TYPES_H 1
| #define HAVE_SYS_STAT_H 1
| #define HAVE_STDLIB_H 1
| #define HAVE_STRING_H 1
| #define HAVE_MEMORY_H 1
| #define HAVE_STRINGS_H 1
| #define HAVE_INTTYPES_H 1
| #define HAVE_STDINT_H 1
| #define HAVE_UNISTD_H 1
| #define HAVE_DLFCN_H 1
| #ifdef __cplusplus
| extern "C" void exit (int) throw ();
| #endif
| #define HAVE_DIRENT_H 1
| #define LTDL_SHLIB_EXT ".so"
| #define LTDL_SHLIBPATH_VAR "LD_LIBRARY_PATH"
| #define LTDL_SYSSEARCHPATH "/lib:/usr/lib:include:/etc/ld.so.conf.d/atlas.conf:/etc/ld.so.conf.d/i486-linux-gnu.conf:/etc/ld.so.conf.d/libc.conf"
| #define LTDL_OBJDIR ".libs/"
| #define HAVE_PRELOADED_SYMBOLS 1
| /* end confdefs.h.  */
| /* Define shl_load to an innocuous variant, in case <limits.h> declares shl_load.
|    For example, HP-UX 11i <limits.h> declares gettimeofday.  */
| #define shl_load innocuous_shl_load
| 
| /* System header to define __stub macros and hopefully few prototypes,
|     which can conflict with char shl_load (); below.
|     Prefer <limits.h> to <assert.h> if __STDC__ is defined, since
|     <limits.h> exists even on freestanding compilers.  */
| 
| #ifdef __STDC__
| # include <limits.h>
| #else
| # include <assert.h>
| #endif
| 
| #undef shl_load
| 
| /* Override any gcc2 internal prototype to avoid an error.  */
| #ifdef __cplusplus
| extern "C"
| {
| #endif
| /* We use char because int might match the return type of a gcc2
|    builtin and then its argument prototype would still apply.  */
| char shl_load ();
| /* The GNU C library defines this for functions which it implements
|     to always fail with ENOSYS.  Some functions are actually named
|     something starting with __ and the normal name is an alias.  */
| #if defined (__stub_shl_load) || defined (__stub___shl_load)
| choke me
| #else
| char (*f) () = shl_load;
| #endif
| #ifdef __cplusplus
| }
| #endif
| 
| int
| main ()
| {
| return f != shl_load;
|   ;
|   return 0;
| }
configure:20095: result: no
configure:20104: checking for shl_load in -ldld
configure:20134: gcc -o conftest -g -O2   conftest.c -ldld   >&5
/usr/bin/ld: cannot find -ldld
collect2: ld returned 1 exit status
configure:20140: $? = 1
configure: failed program was:
| /* confdefs.h.  */
| 
| #define PACKAGE_NAME "libltdl"
| #define PACKAGE_TARNAME "libltdl"
| #define PACKAGE_VERSION "1.2"
| #define PACKAGE_STRING "libltdl 1.2"
| #define PACKAGE_BUGREPORT "bug-libtool@gnu.org"
| #define STDC_HEADERS 1
| #define HAVE_SYS_TYPES_H 1
| #define HAVE_SYS_STAT_H 1
| #define HAVE_STDLIB_H 1
| #define HAVE_STRING_H 1
| #define HAVE_MEMORY_H 1
| #define HAVE_STRINGS_H 1
| #define HAVE_INTTYPES_H 1
| #define HAVE_STDINT_H 1
| #define HAVE_UNISTD_H 1
| #define HAVE_DLFCN_H 1
| #ifdef __cplusplus
| extern "C" void exit (int) throw ();
| #endif
| #define HAVE_DIRENT_H 1
| #define LTDL_SHLIB_EXT ".so"
| #define LTDL_SHLIBPATH_VAR "LD_LIBRARY_PATH"
| #define LTDL_SYSSEARCHPATH "/lib:/usr/lib:include:/etc/ld.so.conf.d/atlas.conf:/etc/ld.so.conf.d/i486-linux-gnu.conf:/etc/ld.so.conf.d/libc.conf"
| #define LTDL_OBJDIR ".libs/"
| #define HAVE_PRELOADED_SYMBOLS 1
| /* end confdefs.h.  */
| 
| /* Override any gcc2 internal prototype to avoid an error.  */
| #ifdef __cplusplus
| extern "C"
| #endif
| /* We use char because int might match the return type of a gcc2
|    builtin and then its argument prototype would still apply.  */
| char shl_load ();
| int
| main ()
| {
| shl_load ();
|   ;
|   return 0;
| }
configure:20165: result: no
configure:20175: checking for dlopen in -ldl
configure:20205: gcc -o conftest -g -O2   conftest.c -ldl   >&5
configure:20211: $? = 0
configure:20214: test -z 			 || test ! -s conftest.err
configure:20217: $? = 0
configure:20220: test -s conftest
configure:20223: $? = 0
configure:20236: result: yes
configure:20561: checking for dlerror
configure:20618: gcc -o conftest -g -O2   conftest.c  -ldl >&5
configure:20624: $? = 0
configure:20627: test -z 			 || test ! -s conftest.err
configure:20630: $? = 0
configure:20633: test -s conftest
configure:20636: $? = 0
configure:20648: result: yes
configure:20668: checking for _ prefix in compiled symbols
configure:20678: gcc -c -g -O2  conftest.c >&5
configure:20681: $? = 0
configure:20685: /usr/bin/nm -B conftest.o \| sed -n -e 's/^.*[ 	]\([ABCDGIRSTW][ABCDGIRSTW]*\)[ 	][ 	]*\(\)\([_A-Za-z][_A-Za-z0-9]*\)$/\1 \2\3 \3/p' \> conftest.nm
configure:20688: $? = 0
configure:20710: result: no
configure:20828: checking whether deplibs are loaded by dlopen
configure:20903: result: yes
configure:20927: checking argz.h usability
configure:20939: gcc -c -g -O2  conftest.c >&5
configure:20945: $? = 0
configure:20948: test -z 			 || test ! -s conftest.err
configure:20951: $? = 0
configure:20954: test -s conftest.o
configure:20957: $? = 0
configure:20967: result: yes
configure:20971: checking argz.h presence
configure:20981: gcc -E  conftest.c
configure:20987: $? = 0
configure:21007: result: yes
configure:21042: checking for argz.h
configure:21049: result: yes
configure:21063: checking for error_t
configure:21090: gcc -c -g -O2  conftest.c >&5
configure:21096: $? = 0
configure:21099: test -z 			 || test ! -s conftest.err
configure:21102: $? = 0
configure:21105: test -s conftest.o
configure:21108: $? = 0
configure:21119: result: yes
configure:21145: checking for argz_append
configure:21202: gcc -o conftest -g -O2   conftest.c  >&5
configure:21208: $? = 0
configure:21211: test -z 			 || test ! -s conftest.err
configure:21214: $? = 0
configure:21217: test -s conftest
configure:21220: $? = 0
configure:21232: result: yes
configure:21145: checking for argz_create_sep
configure:21202: gcc -o conftest -g -O2   conftest.c  >&5
configure:21208: $? = 0
configure:21211: test -z 			 || test ! -s conftest.err
configure:21214: $? = 0
configure:21217: test -s conftest
configure:21220: $? = 0
configure:21232: result: yes
configure:21145: checking for argz_insert
configure:21202: gcc -o conftest -g -O2   conftest.c  >&5
configure:21208: $? = 0
configure:21211: test -z 			 || test ! -s conftest.err
configure:21214: $? = 0
configure:21217: test -s conftest
configure:21220: $? = 0
configure:21232: result: yes
configure:21145: checking for argz_next
configure:21202: gcc -o conftest -g -O2   conftest.c  >&5
configure:21208: $? = 0
configure:21211: test -z 			 || test ! -s conftest.err
configure:21214: $? = 0
configure:21217: test -s conftest
configure:21220: $? = 0
configure:21232: result: yes
configure:21145: checking for argz_stringify
configure:21202: gcc -o conftest -g -O2   conftest.c  >&5
configure:21208: $? = 0
configure:21211: test -z 			 || test ! -s conftest.err
configure:21214: $? = 0
configure:21217: test -s conftest
configure:21220: $? = 0
configure:21232: result: yes
configure:21283: checking assert.h usability
configure:21295: gcc -c -g -O2  conftest.c >&5
configure:21301: $? = 0
configure:21304: test -z 			 || test ! -s conftest.err
configure:21307: $? = 0
configure:21310: test -s conftest.o
configure:21313: $? = 0
configure:21323: result: yes
configure:21327: checking assert.h presence
configure:21337: gcc -E  conftest.c
configure:21343: $? = 0
configure:21363: result: yes
configure:21398: checking for assert.h
configure:21405: result: yes
configure:21283: checking ctype.h usability
configure:21295: gcc -c -g -O2  conftest.c >&5
configure:21301: $? = 0
configure:21304: test -z 			 || test ! -s conftest.err
configure:21307: $? = 0
configure:21310: test -s conftest.o
configure:21313: $? = 0
configure:21323: result: yes
configure:21327: checking ctype.h presence
configure:21337: gcc -E  conftest.c
configure:21343: $? = 0
configure:21363: result: yes
configure:21398: checking for ctype.h
configure:21405: result: yes
configure:21283: checking errno.h usability
configure:21295: gcc -c -g -O2  conftest.c >&5
configure:21301: $? = 0
configure:21304: test -z 			 || test ! -s conftest.err
configure:21307: $? = 0
configure:21310: test -s conftest.o
configure:21313: $? = 0
configure:21323: result: yes
configure:21327: checking errno.h presence
configure:21337: gcc -E  conftest.c
configure:21343: $? = 0
configure:21363: result: yes
configure:21398: checking for errno.h
configure:21405: result: yes
configure:21283: checking malloc.h usability
configure:21295: gcc -c -g -O2  conftest.c >&5
configure:21301: $? = 0
configure:21304: test -z 			 || test ! -s conftest.err
configure:21307: $? = 0
configure:21310: test -s conftest.o
configure:21313: $? = 0
configure:21323: result: yes
configure:21327: checking malloc.h presence
configure:21337: gcc -E  conftest.c
configure:21343: $? = 0
configure:21363: result: yes
configure:21398: checking for malloc.h
configure:21405: result: yes
configure:21274: checking for memory.h
configure:21279: result: yes
configure:21274: checking for stdlib.h
configure:21279: result: yes
configure:21283: checking stdio.h usability
configure:21295: gcc -c -g -O2  conftest.c >&5
configure:21301: $? = 0
configure:21304: test -z 			 || test ! -s conftest.err
configure:21307: $? = 0
configure:21310: test -s conftest.o
configure:21313: $? = 0
configure:21323: result: yes
configure:21327: checking stdio.h presence
configure:21337: gcc -E  conftest.c
configure:21343: $? = 0
configure:21363: result: yes
configure:21398: checking for stdio.h
configure:21405: result: yes
configure:21274: checking for unistd.h
configure:21279: result: yes
configure:21435: checking dl.h usability
configure:21447: gcc -c -g -O2  conftest.c >&5
conftest.c:80:16: error: dl.h: No such file or directory
configure:21453: $? = 1
configure: failed program was:
| /* confdefs.h.  */
| 
| #define PACKAGE_NAME "libltdl"
| #define PACKAGE_TARNAME "libltdl"
| #define PACKAGE_VERSION "1.2"
| #define PACKAGE_STRING "libltdl 1.2"
| #define PACKAGE_BUGREPORT "bug-libtool@gnu.org"
| #define STDC_HEADERS 1
| #define HAVE_SYS_TYPES_H 1
| #define HAVE_SYS_STAT_H 1
| #define HAVE_STDLIB_H 1
| #define HAVE_STRING_H 1
| #define HAVE_MEMORY_H 1
| #define HAVE_STRINGS_H 1
| #define HAVE_INTTYPES_H 1
| #define HAVE_STDINT_H 1
| #define HAVE_UNISTD_H 1
| #define HAVE_DLFCN_H 1
| #ifdef __cplusplus
| extern "C" void exit (int) throw ();
| #endif
| #define HAVE_DIRENT_H 1
| #define LTDL_SHLIB_EXT ".so"
| #define LTDL_SHLIBPATH_VAR "LD_LIBRARY_PATH"
| #define LTDL_SYSSEARCHPATH "/lib:/usr/lib:include:/etc/ld.so.conf.d/atlas.conf:/etc/ld.so.conf.d/i486-linux-gnu.conf:/etc/ld.so.conf.d/libc.conf"
| #define LTDL_OBJDIR ".libs/"
| #define HAVE_PRELOADED_SYMBOLS 1
| #define HAVE_LIBDL 1
| #define HAVE_DLERROR 1
| #define HAVE_ARGZ_H 1
| #define HAVE_ERROR_T 1
| #define HAVE_ARGZ_APPEND 1
| #define HAVE_ARGZ_CREATE_SEP 1
| #define HAVE_ARGZ_INSERT 1
| #define HAVE_ARGZ_NEXT 1
| #define HAVE_ARGZ_STRINGIFY 1
| #define HAVE_ASSERT_H 1
| #define HAVE_CTYPE_H 1
| #define HAVE_ERRNO_H 1
| #define HAVE_MALLOC_H 1
| #define HAVE_MEMORY_H 1
| #define HAVE_STDLIB_H 1
| #define HAVE_STDIO_H 1
| #define HAVE_UNISTD_H 1
| /* end confdefs.h.  */
| #include <stdio.h>
| #if HAVE_SYS_TYPES_H
| # include <sys/types.h>
| #endif
| #if HAVE_SYS_STAT_H
| # include <sys/stat.h>
| #endif
| #if STDC_HEADERS
| # include <stdlib.h>
| # include <stddef.h>
| #else
| # if HAVE_STDLIB_H
| #  include <stdlib.h>
| # endif
| #endif
| #if HAVE_STRING_H
| # if !STDC_HEADERS && HAVE_MEMORY_H
| #  include <memory.h>
| # endif
| # include <string.h>
| #endif
| #if HAVE_STRINGS_H
| # include <strings.h>
| #endif
| #if HAVE_INTTYPES_H
| # include <inttypes.h>
| #else
| # if HAVE_STDINT_H
| #  include <stdint.h>
| # endif
| #endif
| #if HAVE_UNISTD_H
| # include <unistd.h>
| #endif
| #include <dl.h>
configure:21475: result: no
configure:21479: checking dl.h presence
configure:21489: gcc -E  conftest.c
conftest.c:46:16: error: dl.h: No such file or directory
configure:21495: $? = 1
configure: failed program was:
| /* confdefs.h.  */
| 
| #define PACKAGE_NAME "libltdl"
| #define PACKAGE_TARNAME "libltdl"
| #define PACKAGE_VERSION "1.2"
| #define PACKAGE_STRING "libltdl 1.2"
| #define PACKAGE_BUGREPORT "bug-libtool@gnu.org"
| #define STDC_HEADERS 1
| #define HAVE_SYS_TYPES_H 1
| #define HAVE_SYS_STAT_H 1
| #define HAVE_STDLIB_H 1
| #define HAVE_STRING_H 1
| #define HAVE_MEMORY_H 1
| #define HAVE_STRINGS_H 1
| #define HAVE_INTTYPES_H 1
| #define HAVE_STDINT_H 1
| #define HAVE_UNISTD_H 1
| #define HAVE_DLFCN_H 1
| #ifdef __cplusplus
| extern "C" void exit (int) throw ();
| #endif
| #define HAVE_DIRENT_H 1
| #define LTDL_SHLIB_EXT ".so"
| #define LTDL_SHLIBPATH_VAR "LD_LIBRARY_PATH"
| #define LTDL_SYSSEARCHPATH "/lib:/usr/lib:include:/etc/ld.so.conf.d/atlas.conf:/etc/ld.so.conf.d/i486-linux-gnu.conf:/etc/ld.so.conf.d/libc.conf"
| #define LTDL_OBJDIR ".libs/"
| #define HAVE_PRELOADED_SYMBOLS 1
| #define HAVE_LIBDL 1
| #define HAVE_DLERROR 1
| #define HAVE_ARGZ_H 1
| #define HAVE_ERROR_T 1
| #define HAVE_ARGZ_APPEND 1
| #define HAVE_ARGZ_CREATE_SEP 1
| #define HAVE_ARGZ_INSERT 1
| #define HAVE_ARGZ_NEXT 1
| #define HAVE_ARGZ_STRINGIFY 1
| #define HAVE_ASSERT_H 1
| #define HAVE_CTYPE_H 1
| #define HAVE_ERRNO_H 1
| #define HAVE_MALLOC_H 1
| #define HAVE_MEMORY_H 1
| #define HAVE_STDLIB_H 1
| #define HAVE_STDIO_H 1
| #define HAVE_UNISTD_H 1
| /* end confdefs.h.  */
| #include <dl.h>
configure:21515: result: no
configure:21550: checking for dl.h
configure:21557: result: no
configure:21435: checking sys/dl.h usability
configure:21447: gcc -c -g -O2  conftest.c >&5
conftest.c:80:20: error: sys/dl.h: No such file or directory
configure:21453: $? = 1
configure: failed program was:
| /* confdefs.h.  */
| 
| #define PACKAGE_NAME "libltdl"
| #define PACKAGE_TARNAME "libltdl"
| #define PACKAGE_VERSION "1.2"
| #define PACKAGE_STRING "libltdl 1.2"
| #define PACKAGE_BUGREPORT "bug-libtool@gnu.org"
| #define STDC_HEADERS 1
| #define HAVE_SYS_TYPES_H 1
| #define HAVE_SYS_STAT_H 1
| #define HAVE_STDLIB_H 1
| #define HAVE_STRING_H 1
| #define HAVE_MEMORY_H 1
| #define HAVE_STRINGS_H 1
| #define HAVE_INTTYPES_H 1
| #define HAVE_STDINT_H 1
| #define HAVE_UNISTD_H 1
| #define HAVE_DLFCN_H 1
| #ifdef __cplusplus
| extern "C" void exit (int) throw ();
| #endif
| #define HAVE_DIRENT_H 1
| #define LTDL_SHLIB_EXT ".so"
| #define LTDL_SHLIBPATH_VAR "LD_LIBRARY_PATH"
| #define LTDL_SYSSEARCHPATH "/lib:/usr/lib:include:/etc/ld.so.conf.d/atlas.conf:/etc/ld.so.conf.d/i486-linux-gnu.conf:/etc/ld.so.conf.d/libc.conf"
| #define LTDL_OBJDIR ".libs/"
| #define HAVE_PRELOADED_SYMBOLS 1
| #define HAVE_LIBDL 1
| #define HAVE_DLERROR 1
| #define HAVE_ARGZ_H 1
| #define HAVE_ERROR_T 1
| #define HAVE_ARGZ_APPEND 1
| #define HAVE_ARGZ_CREATE_SEP 1
| #define HAVE_ARGZ_INSERT 1
| #define HAVE_ARGZ_NEXT 1
| #define HAVE_ARGZ_STRINGIFY 1
| #define HAVE_ASSERT_H 1
| #define HAVE_CTYPE_H 1
| #define HAVE_ERRNO_H 1
| #define HAVE_MALLOC_H 1
| #define HAVE_MEMORY_H 1
| #define HAVE_STDLIB_H 1
| #define HAVE_STDIO_H 1
| #define HAVE_UNISTD_H 1
| /* end confdefs.h.  */
| #include <stdio.h>
| #if HAVE_SYS_TYPES_H
| # include <sys/types.h>
| #endif
| #if HAVE_SYS_STAT_H
| # include <sys/stat.h>
| #endif
| #if STDC_HEADERS
| # include <stdlib.h>
| # include <stddef.h>
| #else
| # if HAVE_STDLIB_H
| #  include <stdlib.h>
| # endif
| #endif
| #if HAVE_STRING_H
| # if !STDC_HEADERS && HAVE_MEMORY_H
| #  include <memory.h>
| # endif
| # include <string.h>
| #endif
| #if HAVE_STRINGS_H
| # include <strings.h>
| #endif
| #if HAVE_INTTYPES_H
| # include <inttypes.h>
| #else
| # if HAVE_STDINT_H
| #  include <stdint.h>
| # endif
| #endif
| #if HAVE_UNISTD_H
| # include <unistd.h>
| #endif
| #include <sys/dl.h>
configure:21475: result: no
configure:21479: checking sys/dl.h presence
configure:21489: gcc -E  conftest.c
conftest.c:46:20: error: sys/dl.h: No such file or directory
configure:21495: $? = 1
configure: failed program was:
| /* confdefs.h.  */
| 
| #define PACKAGE_NAME "libltdl"
| #define PACKAGE_TARNAME "libltdl"
| #define PACKAGE_VERSION "1.2"
| #define PACKAGE_STRING "libltdl 1.2"
| #define PACKAGE_BUGREPORT "bug-libtool@gnu.org"
| #define STDC_HEADERS 1
| #define HAVE_SYS_TYPES_H 1
| #define HAVE_SYS_STAT_H 1
| #define HAVE_STDLIB_H 1
| #define HAVE_STRING_H 1
| #define HAVE_MEMORY_H 1
| #define HAVE_STRINGS_H 1
| #define HAVE_INTTYPES_H 1
| #define HAVE_STDINT_H 1
| #define HAVE_UNISTD_H 1
| #define HAVE_DLFCN_H 1
| #ifdef __cplusplus
| extern "C" void exit (int) throw ();
| #endif
| #define HAVE_DIRENT_H 1
| #define LTDL_SHLIB_EXT ".so"
| #define LTDL_SHLIBPATH_VAR "LD_LIBRARY_PATH"
| #define LTDL_SYSSEARCHPATH "/lib:/usr/lib:include:/etc/ld.so.conf.d/atlas.conf:/etc/ld.so.conf.d/i486-linux-gnu.conf:/etc/ld.so.conf.d/libc.conf"
| #define LTDL_OBJDIR ".libs/"
| #define HAVE_PRELOADED_SYMBOLS 1
| #define HAVE_LIBDL 1
| #define HAVE_DLERROR 1
| #define HAVE_ARGZ_H 1
| #define HAVE_ERROR_T 1
| #define HAVE_ARGZ_APPEND 1
| #define HAVE_ARGZ_CREATE_SEP 1
| #define HAVE_ARGZ_INSERT 1
| #define HAVE_ARGZ_NEXT 1
| #define HAVE_ARGZ_STRINGIFY 1
| #define HAVE_ASSERT_H 1
| #define HAVE_CTYPE_H 1
| #define HAVE_ERRNO_H 1
| #define HAVE_MALLOC_H 1
| #define HAVE_MEMORY_H 1
| #define HAVE_STDLIB_H 1
| #define HAVE_STDIO_H 1
| #define HAVE_UNISTD_H 1
| /* end confdefs.h.  */
| #include <sys/dl.h>
configure:21515: result: no
configure:21550: checking for sys/dl.h
configure:21557: result: no
configure:21435: checking dld.h usability
configure:21447: gcc -c -g -O2  conftest.c >&5
conftest.c:80:17: error: dld.h: No such file or directory
configure:21453: $? = 1
configure: failed program was:
| /* confdefs.h.  */
| 
| #define PACKAGE_NAME "libltdl"
| #define PACKAGE_TARNAME "libltdl"
| #define PACKAGE_VERSION "1.2"
| #define PACKAGE_STRING "libltdl 1.2"
| #define PACKAGE_BUGREPORT "bug-libtool@gnu.org"
| #define STDC_HEADERS 1
| #define HAVE_SYS_TYPES_H 1
| #define HAVE_SYS_STAT_H 1
| #define HAVE_STDLIB_H 1
| #define HAVE_STRING_H 1
| #define HAVE_MEMORY_H 1
| #define HAVE_STRINGS_H 1
| #define HAVE_INTTYPES_H 1
| #define HAVE_STDINT_H 1
| #define HAVE_UNISTD_H 1
| #define HAVE_DLFCN_H 1
| #ifdef __cplusplus
| extern "C" void exit (int) throw ();
| #endif
| #define HAVE_DIRENT_H 1
| #define LTDL_SHLIB_EXT ".so"
| #define LTDL_SHLIBPATH_VAR "LD_LIBRARY_PATH"
| #define LTDL_SYSSEARCHPATH "/lib:/usr/lib:include:/etc/ld.so.conf.d/atlas.conf:/etc/ld.so.conf.d/i486-linux-gnu.conf:/etc/ld.so.conf.d/libc.conf"
| #define LTDL_OBJDIR ".libs/"
| #define HAVE_PRELOADED_SYMBOLS 1
| #define HAVE_LIBDL 1
| #define HAVE_DLERROR 1
| #define HAVE_ARGZ_H 1
| #define HAVE_ERROR_T 1
| #define HAVE_ARGZ_APPEND 1
| #define HAVE_ARGZ_CREATE_SEP 1
| #define HAVE_ARGZ_INSERT 1
| #define HAVE_ARGZ_NEXT 1
| #define HAVE_ARGZ_STRINGIFY 1
| #define HAVE_ASSERT_H 1
| #define HAVE_CTYPE_H 1
| #define HAVE_ERRNO_H 1
| #define HAVE_MALLOC_H 1
| #define HAVE_MEMORY_H 1
| #define HAVE_STDLIB_H 1
| #define HAVE_STDIO_H 1
| #define HAVE_UNISTD_H 1
| /* end confdefs.h.  */
| #include <stdio.h>
| #if HAVE_SYS_TYPES_H
| # include <sys/types.h>
| #endif
| #if HAVE_SYS_STAT_H
| # include <sys/stat.h>
| #endif
| #if STDC_HEADERS
| # include <stdlib.h>
| # include <stddef.h>
| #else
| # if HAVE_STDLIB_H
| #  include <stdlib.h>
| # endif
| #endif
| #if HAVE_STRING_H
| # if !STDC_HEADERS && HAVE_MEMORY_H
| #  include <memory.h>
| # endif
| # include <string.h>
| #endif
| #if HAVE_STRINGS_H
| # include <strings.h>
| #endif
| #if HAVE_INTTYPES_H
| # include <inttypes.h>
| #else
| # if HAVE_STDINT_H
| #  include <stdint.h>
| # endif
| #endif
| #if HAVE_UNISTD_H
| # include <unistd.h>
| #endif
| #include <dld.h>
configure:21475: result: no
configure:21479: checking dld.h presence
configure:21489: gcc -E  conftest.c
conftest.c:46:17: error: dld.h: No such file or directory
configure:21495: $? = 1
configure: failed program was:
| /* confdefs.h.  */
| 
| #define PACKAGE_NAME "libltdl"
| #define PACKAGE_TARNAME "libltdl"
| #define PACKAGE_VERSION "1.2"
| #define PACKAGE_STRING "libltdl 1.2"
| #define PACKAGE_BUGREPORT "bug-libtool@gnu.org"
| #define STDC_HEADERS 1
| #define HAVE_SYS_TYPES_H 1
| #define HAVE_SYS_STAT_H 1
| #define HAVE_STDLIB_H 1
| #define HAVE_STRING_H 1
| #define HAVE_MEMORY_H 1
| #define HAVE_STRINGS_H 1
| #define HAVE_INTTYPES_H 1
| #define HAVE_STDINT_H 1
| #define HAVE_UNISTD_H 1
| #define HAVE_DLFCN_H 1
| #ifdef __cplusplus
| extern "C" void exit (int) throw ();
| #endif
| #define HAVE_DIRENT_H 1
| #define LTDL_SHLIB_EXT ".so"
| #define LTDL_SHLIBPATH_VAR "LD_LIBRARY_PATH"
| #define LTDL_SYSSEARCHPATH "/lib:/usr/lib:include:/etc/ld.so.conf.d/atlas.conf:/etc/ld.so.conf.d/i486-linux-gnu.conf:/etc/ld.so.conf.d/libc.conf"
| #define LTDL_OBJDIR ".libs/"
| #define HAVE_PRELOADED_SYMBOLS 1
| #define HAVE_LIBDL 1
| #define HAVE_DLERROR 1
| #define HAVE_ARGZ_H 1
| #define HAVE_ERROR_T 1
| #define HAVE_ARGZ_APPEND 1
| #define HAVE_ARGZ_CREATE_SEP 1
| #define HAVE_ARGZ_INSERT 1
| #define HAVE_ARGZ_NEXT 1
| #define HAVE_ARGZ_STRINGIFY 1
| #define HAVE_ASSERT_H 1
| #define HAVE_CTYPE_H 1
| #define HAVE_ERRNO_H 1
| #define HAVE_MALLOC_H 1
| #define HAVE_MEMORY_H 1
| #define HAVE_STDLIB_H 1
| #define HAVE_STDIO_H 1
| #define HAVE_UNISTD_H 1
| /* end confdefs.h.  */
| #include <dld.h>
configure:21515: result: no
configure:21550: checking for dld.h
configure:21557: result: no
configure:21435: checking mach-o/dyld.h usability
configure:21447: gcc -c -g -O2  conftest.c >&5
conftest.c:80:25: error: mach-o/dyld.h: No such file or directory
configure:21453: $? = 1
configure: failed program was:
| /* confdefs.h.  */
| 
| #define PACKAGE_NAME "libltdl"
| #define PACKAGE_TARNAME "libltdl"
| #define PACKAGE_VERSION "1.2"
| #define PACKAGE_STRING "libltdl 1.2"
| #define PACKAGE_BUGREPORT "bug-libtool@gnu.org"
| #define STDC_HEADERS 1
| #define HAVE_SYS_TYPES_H 1
| #define HAVE_SYS_STAT_H 1
| #define HAVE_STDLIB_H 1
| #define HAVE_STRING_H 1
| #define HAVE_MEMORY_H 1
| #define HAVE_STRINGS_H 1
| #define HAVE_INTTYPES_H 1
| #define HAVE_STDINT_H 1
| #define HAVE_UNISTD_H 1
| #define HAVE_DLFCN_H 1
| #ifdef __cplusplus
| extern "C" void exit (int) throw ();
| #endif
| #define HAVE_DIRENT_H 1
| #define LTDL_SHLIB_EXT ".so"
| #define LTDL_SHLIBPATH_VAR "LD_LIBRARY_PATH"
| #define LTDL_SYSSEARCHPATH "/lib:/usr/lib:include:/etc/ld.so.conf.d/atlas.conf:/etc/ld.so.conf.d/i486-linux-gnu.conf:/etc/ld.so.conf.d/libc.conf"
| #define LTDL_OBJDIR ".libs/"
| #define HAVE_PRELOADED_SYMBOLS 1
| #define HAVE_LIBDL 1
| #define HAVE_DLERROR 1
| #define HAVE_ARGZ_H 1
| #define HAVE_ERROR_T 1
| #define HAVE_ARGZ_APPEND 1
| #define HAVE_ARGZ_CREATE_SEP 1
| #define HAVE_ARGZ_INSERT 1
| #define HAVE_ARGZ_NEXT 1
| #define HAVE_ARGZ_STRINGIFY 1
| #define HAVE_ASSERT_H 1
| #define HAVE_CTYPE_H 1
| #define HAVE_ERRNO_H 1
| #define HAVE_MALLOC_H 1
| #define HAVE_MEMORY_H 1
| #define HAVE_STDLIB_H 1
| #define HAVE_STDIO_H 1
| #define HAVE_UNISTD_H 1
| /* end confdefs.h.  */
| #include <stdio.h>
| #if HAVE_SYS_TYPES_H
| # include <sys/types.h>
| #endif
| #if HAVE_SYS_STAT_H
| # include <sys/stat.h>
| #endif
| #if STDC_HEADERS
| # include <stdlib.h>
| # include <stddef.h>
| #else
| # if HAVE_STDLIB_H
| #  include <stdlib.h>
| # endif
| #endif
| #if HAVE_STRING_H
| # if !STDC_HEADERS && HAVE_MEMORY_H
| #  include <memory.h>
| # endif
| # include <string.h>
| #endif
| #if HAVE_STRINGS_H
| # include <strings.h>
| #endif
| #if HAVE_INTTYPES_H
| # include <inttypes.h>
| #else
| # if HAVE_STDINT_H
| #  include <stdint.h>
| # endif
| #endif
| #if HAVE_UNISTD_H
| # include <unistd.h>
| #endif
| #include <mach-o/dyld.h>
configure:21475: result: no
configure:21479: checking mach-o/dyld.h presence
configure:21489: gcc -E  conftest.c
conftest.c:46:25: error: mach-o/dyld.h: No such file or directory
configure:21495: $? = 1
configure: failed program was:
| /* confdefs.h.  */
| 
| #define PACKAGE_NAME "libltdl"
| #define PACKAGE_TARNAME "libltdl"
| #define PACKAGE_VERSION "1.2"
| #define PACKAGE_STRING "libltdl 1.2"
| #define PACKAGE_BUGREPORT "bug-libtool@gnu.org"
| #define STDC_HEADERS 1
| #define HAVE_SYS_TYPES_H 1
| #define HAVE_SYS_STAT_H 1
| #define HAVE_STDLIB_H 1
| #define HAVE_STRING_H 1
| #define HAVE_MEMORY_H 1
| #define HAVE_STRINGS_H 1
| #define HAVE_INTTYPES_H 1
| #define HAVE_STDINT_H 1
| #define HAVE_UNISTD_H 1
| #define HAVE_DLFCN_H 1
| #ifdef __cplusplus
| extern "C" void exit (int) throw ();
| #endif
| #define HAVE_DIRENT_H 1
| #define LTDL_SHLIB_EXT ".so"
| #define LTDL_SHLIBPATH_VAR "LD_LIBRARY_PATH"
| #define LTDL_SYSSEARCHPATH "/lib:/usr/lib:include:/etc/ld.so.conf.d/atlas.conf:/etc/ld.so.conf.d/i486-linux-gnu.conf:/etc/ld.so.conf.d/libc.conf"
| #define LTDL_OBJDIR ".libs/"
| #define HAVE_PRELOADED_SYMBOLS 1
| #define HAVE_LIBDL 1
| #define HAVE_DLERROR 1
| #define HAVE_ARGZ_H 1
| #define HAVE_ERROR_T 1
| #define HAVE_ARGZ_APPEND 1
| #define HAVE_ARGZ_CREATE_SEP 1
| #define HAVE_ARGZ_INSERT 1
| #define HAVE_ARGZ_NEXT 1
| #define HAVE_ARGZ_STRINGIFY 1
| #define HAVE_ASSERT_H 1
| #define HAVE_CTYPE_H 1
| #define HAVE_ERRNO_H 1
| #define HAVE_MALLOC_H 1
| #define HAVE_MEMORY_H 1
| #define HAVE_STDLIB_H 1
| #define HAVE_STDIO_H 1
| #define HAVE_UNISTD_H 1
| /* end confdefs.h.  */
| #include <mach-o/dyld.h>
configure:21515: result: no
configure:21550: checking for mach-o/dyld.h
configure:21557: result: no
configure:21576: checking for string.h
configure:21581: result: yes
configure:21726: checking for strchr
configure:21783: gcc -o conftest -g -O2   conftest.c  >&5
conftest.c:71: warning: conflicting types for built-in function 'strchr'
configure:21789: $? = 0
configure:21792: test -z 			 || test ! -s conftest.err
configure:21795: $? = 0
configure:21798: test -s conftest
configure:21801: $? = 0
configure:21813: result: yes
configure:21828: checking for strrchr
configure:21885: gcc -o conftest -g -O2   conftest.c  >&5
conftest.c:72: warning: conflicting types for built-in function 'strrchr'
configure:21891: $? = 0
configure:21894: test -z 			 || test ! -s conftest.err
configure:21897: $? = 0
configure:21900: test -s conftest
configure:21903: $? = 0
configure:21915: result: yes
configure:21930: checking for memcpy
configure:21987: gcc -o conftest -g -O2   conftest.c  >&5
conftest.c:73: warning: conflicting types for built-in function 'memcpy'
configure:21993: $? = 0
configure:21996: test -z 			 || test ! -s conftest.err
configure:21999: $? = 0
configure:22002: test -s conftest
configure:22005: $? = 0
configure:22017: result: yes
configure:22032: checking for memmove
configure:22089: gcc -o conftest -g -O2   conftest.c  >&5
conftest.c:74: warning: conflicting types for built-in function 'memmove'
configure:22095: $? = 0
configure:22098: test -z 			 || test ! -s conftest.err
configure:22101: $? = 0
configure:22104: test -s conftest
configure:22107: $? = 0
configure:22119: result: yes
configure:22032: checking for strcmp
configure:22089: gcc -o conftest -g -O2   conftest.c  >&5
conftest.c:75: warning: conflicting types for built-in function 'strcmp'
configure:22095: $? = 0
configure:22098: test -z 			 || test ! -s conftest.err
configure:22101: $? = 0
configure:22104: test -s conftest
configure:22107: $? = 0
configure:22119: result: yes
configure:22135: checking for closedir
configure:22192: gcc -o conftest -g -O2   conftest.c  >&5
configure:22198: $? = 0
configure:22201: test -z 			 || test ! -s conftest.err
configure:22204: $? = 0
configure:22207: test -s conftest
configure:22210: $? = 0
configure:22222: result: yes
configure:22135: checking for opendir
configure:22192: gcc -o conftest -g -O2   conftest.c  >&5
configure:22198: $? = 0
configure:22201: test -z 			 || test ! -s conftest.err
configure:22204: $? = 0
configure:22207: test -s conftest
configure:22210: $? = 0
configure:22222: result: yes
configure:22135: checking for readdir
configure:22192: gcc -o conftest -g -O2   conftest.c  >&5
configure:22198: $? = 0
configure:22201: test -z 			 || test ! -s conftest.err
configure:22204: $? = 0
configure:22207: test -s conftest
configure:22210: $? = 0
configure:22222: result: yes
configure:22377: creating ./config.status

## ---------------------- ##
## Running config.status. ##
## ---------------------- ##

This file was extended by libltdl config.status 1.2, which was
generated by GNU Autoconf 2.59.  Invocation command line was

  CONFIG_FILES    = 
  CONFIG_HEADERS  = 
  CONFIG_LINKS    = 
  CONFIG_COMMANDS = 
  $ ./config.status 

on ganon

config.status:766: creating Makefile
config.status:832: creating config.h
config.status:1018: config.h is unchanged
config.status:1198: executing depfiles commands

## ---------------- ##
## Cache variables. ##
## ---------------- ##

ac_cv_build=i686-pc-linux-gnu
ac_cv_build_alias=i686-pc-linux-gnu
ac_cv_c_compiler_gnu=yes
ac_cv_c_const=yes
ac_cv_c_inline=inline
ac_cv_cxx_compiler_gnu=yes
ac_cv_env_CC_set=
ac_cv_env_CC_value=
ac_cv_env_CFLAGS_set=
ac_cv_env_CFLAGS_value=
ac_cv_env_CPPFLAGS_set=
ac_cv_env_CPPFLAGS_value=
ac_cv_env_CPP_set=
ac_cv_env_CPP_value=
ac_cv_env_CXXCPP_set=
ac_cv_env_CXXCPP_value=
ac_cv_env_CXXFLAGS_set=
ac_cv_env_CXXFLAGS_value=
ac_cv_env_CXX_set=
ac_cv_env_CXX_value=
ac_cv_env_F77_set=
ac_cv_env_F77_value=
ac_cv_env_FFLAGS_set=
ac_cv_env_FFLAGS_value=
ac_cv_env_LDFLAGS_set=
ac_cv_env_LDFLAGS_value=
ac_cv_env_build_alias_set=
ac_cv_env_build_alias_value=
ac_cv_env_host_alias_set=
ac_cv_env_host_alias_value=
ac_cv_env_target_alias_set=
ac_cv_env_target_alias_value=
ac_cv_exeext=
ac_cv_f77_compiler_gnu=no
ac_cv_func_argz_append=yes
ac_cv_func_argz_create_sep=yes
ac_cv_func_argz_insert=yes
ac_cv_func_argz_next=yes
ac_cv_func_argz_stringify=yes
ac_cv_func_closedir=yes
ac_cv_func_dlerror=yes
ac_cv_func_memcpy=yes
ac_cv_func_memmove=yes
ac_cv_func_opendir=yes
ac_cv_func_readdir=yes
ac_cv_func_shl_load=no
ac_cv_func_strchr=yes
ac_cv_func_strcmp=yes
ac_cv_func_strrchr=yes
ac_cv_header_argz_h=yes
ac_cv_header_assert_h=yes
ac_cv_header_ctype_h=yes
ac_cv_header_dirent_dirent_h=yes
ac_cv_header_dl_h=no
ac_cv_header_dld_h=no
ac_cv_header_dlfcn_h=yes
ac_cv_header_errno_h=yes
ac_cv_header_inttypes_h=yes
ac_cv_header_mach_o_dyld_h=no
ac_cv_header_malloc_h=yes
ac_cv_header_memory_h=yes
ac_cv_header_stdc=yes
ac_cv_header_stdint_h=yes
ac_cv_header_stdio_h=yes
ac_cv_header_stdlib_h=yes
ac_cv_header_string_h=yes
ac_cv_header_strings_h=yes
ac_cv_header_sys_dl_h=no
ac_cv_header_sys_stat_h=yes
ac_cv_header_sys_types_h=yes
ac_cv_header_unistd_h=yes
ac_cv_host=i686-pc-linux-gnu
ac_cv_host_alias=i686-pc-linux-gnu
ac_cv_lib_dl_dlopen=yes
ac_cv_lib_dld_shl_load=no
ac_cv_objext=o
ac_cv_path_install='/usr/bin/install -c'
ac_cv_prog_AWK=gawk
ac_cv_prog_CPP='gcc -E'
ac_cv_prog_CXXCPP='g++ -E'
ac_cv_prog_ac_ct_AR=ar
ac_cv_prog_ac_ct_CC=gcc
ac_cv_prog_ac_ct_CXX=g++
ac_cv_prog_ac_ct_RANLIB=ranlib
ac_cv_prog_ac_ct_STRIP=strip
ac_cv_prog_cc_g=yes
ac_cv_prog_cc_stdc=
ac_cv_prog_cxx_g=yes
ac_cv_prog_egrep='grep -E'
ac_cv_prog_f77_g=no
ac_cv_prog_make_make_set=yes
ac_cv_search_opendir='none required'
ac_cv_sys_symbol_underscore=no
ac_cv_type_error_t=yes
am_cv_CC_dependencies_compiler_type=none
am_cv_CXX_dependencies_compiler_type=none
libltdl_cv_lib_dl_dlopen=yes
libltdl_cv_objdir=.libs
libltdl_cv_preloaded_symbols=yes
libltdl_cv_shlibext=.so
libltdl_cv_shlibpath_var=LD_LIBRARY_PATH
libltdl_cv_sys_dlopen_deplibs=yes
libltdl_cv_sys_search_path='/lib /usr/lib include /etc/ld.so.conf.d/*.conf  '
lt_cv_deplibs_check_method=pass_all
lt_cv_file_magic_cmd='$MAGIC_CMD'
lt_cv_file_magic_test_file=
lt_cv_ld_reload_flag=-r
lt_cv_objdir=.libs
lt_cv_path_LD=/usr/bin/ld
lt_cv_path_LDCXX=/usr/bin/ld
lt_cv_path_NM='/usr/bin/nm -B'
lt_cv_path_SED=/bin/sed
lt_cv_prog_compiler_c_o=yes
lt_cv_prog_compiler_c_o_CXX=yes
lt_cv_prog_compiler_rtti_exceptions=no
lt_cv_prog_gnu_ld=yes
lt_cv_prog_gnu_ldcxx=yes
lt_cv_sys_global_symbol_pipe='sed -n -e '\''s/^.*[ 	]\([ABCDGIRSTW][ABCDGIRSTW]*\)[ 	][ 	]*\(\)\([_A-Za-z][_A-Za-z0-9]*\)$/\1 \2\3 \3/p'\'''
lt_cv_sys_global_symbol_to_c_name_address='sed -n -e '\''s/^: \([^ ]*\) $/  {\"\1\", (lt_ptr) 0},/p'\'' -e '\''s/^[BCDEGRST] \([^ ]*\) \([^ ]*\)$/  {"\2", (lt_ptr) \&\2},/p'\'''
lt_cv_sys_global_symbol_to_cdecl='sed -n -e '\''s/^. .* \(.*\)$/extern int \1;/p'\'''
lt_cv_sys_max_cmd_len=32768
lt_lt_cv_prog_compiler_c_o='"yes"'
lt_lt_cv_prog_compiler_c_o_CXX='"yes"'
lt_lt_cv_sys_global_symbol_pipe='"sed -n -e '\''s/^.*[ 	]\\([ABCDGIRSTW][ABCDGIRSTW]*\\)[ 	][ 	]*\\(\\)\\([_A-Za-z][_A-Za-z0-9]*\\)\$/\\1 \\2\\3 \\3/p'\''"'
lt_lt_cv_sys_global_symbol_to_c_name_address='"sed -n -e '\''s/^: \\([^ ]*\\) \$/  {\\\"\\1\\\", (lt_ptr) 0},/p'\'' -e '\''s/^[BCDEGRST] \\([^ ]*\\) \\([^ ]*\\)\$/  {\"\\2\", (lt_ptr) \\&\\2},/p'\''"'
lt_lt_cv_sys_global_symbol_to_cdecl='"sed -n -e '\''s/^. .* \\(.*\\)\$/extern int \\1;/p'\''"'

## ----------------- ##
## Output variables. ##
## ----------------- ##

ACLOCAL='${SHELL} /mnt/sdb/bin/ruby-ham/ext/hamlib-1.2.8/libltdl/missing --run aclocal-1.8'
AMDEPBACKSLASH='\'
AMDEP_FALSE='#'
AMDEP_TRUE=''
AMTAR='${SHELL} /mnt/sdb/bin/ruby-ham/ext/hamlib-1.2.8/libltdl/missing --run tar'
AR='ar'
AS='as'
AUTOCONF='${SHELL} /mnt/sdb/bin/ruby-ham/ext/hamlib-1.2.8/libltdl/missing --run autoconf'
AUTOHEADER='${SHELL} /mnt/sdb/bin/ruby-ham/ext/hamlib-1.2.8/libltdl/missing --run autoheader'
AUTOMAKE='${SHELL} /mnt/sdb/bin/ruby-ham/ext/hamlib-1.2.8/libltdl/missing --run automake-1.8'
AWK='gawk'
CC='gcc'
CCDEPMODE='depmode=none'
CFLAGS='-g -O2'
CONVENIENCE_LTDL_FALSE='#'
CONVENIENCE_LTDL_TRUE=''
CPP='gcc -E'
CPPFLAGS=''
CXX='g++'
CXXCPP='g++ -E'
CXXDEPMODE='depmode=none'
CXXFLAGS='-g -O2'
CYGPATH_W='echo'
DEFS='-DHAVE_CONFIG_H'
DEPDIR='.deps'
DLLTOOL='dlltool'
ECHO='echo'
ECHO_C=''
ECHO_N='-n'
ECHO_T=''
EGREP='grep -E'
EXEEXT=''
F77=''
FFLAGS=''
INSTALL_DATA='${INSTALL} -m 644'
INSTALL_LTDL_FALSE=''
INSTALL_LTDL_TRUE='#'
INSTALL_PROGRAM='${INSTALL}'
INSTALL_SCRIPT='${INSTALL}'
INSTALL_STRIP_PROGRAM='${SHELL} $(install_sh) -c -s'
LDFLAGS=''
LIBADD_DL='-ldl'
LIBOBJS=''
LIBS=''
LIBTOOL='$(SHELL) $(top_builddir)/libtool'
LIBTOOL_DEPS='./ltmain.sh'
LN_S='ln -s'
LTLIBOBJS=''
MAINT='#'
MAINTAINER_MODE_FALSE=''
MAINTAINER_MODE_TRUE='#'
MAKEINFO='${SHELL} /mnt/sdb/bin/ruby-ham/ext/hamlib-1.2.8/libltdl/missing --run makeinfo'
OBJDUMP='objdump'
OBJEXT='o'
PACKAGE='libltdl'
PACKAGE_BUGREPORT='bug-libtool@gnu.org'
PACKAGE_NAME='libltdl'
PACKAGE_STRING='libltdl 1.2'
PACKAGE_TARNAME='libltdl'
PACKAGE_VERSION='1.2'
PATH_SEPARATOR=':'
RANLIB='ranlib'
SET_MAKE=''
SHELL='/bin/bash'
STRIP='strip'
VERSION='1.2'
ac_ct_AR='ar'
ac_ct_AS=''
ac_ct_CC='gcc'
ac_ct_CXX='g++'
ac_ct_DLLTOOL=''
ac_ct_F77=''
ac_ct_OBJDUMP=''
ac_ct_RANLIB='ranlib'
ac_ct_STRIP='strip'
am__fastdepCC_FALSE=''
am__fastdepCC_TRUE='#'
am__fastdepCXX_FALSE=''
am__fastdepCXX_TRUE='#'
am__include='include'
am__leading_dot='.'
am__quote=''
bindir='${exec_prefix}/bin'
build='i686-pc-linux-gnu'
build_alias=''
build_cpu='i686'
build_os='linux-gnu'
build_vendor='pc'
datadir='${prefix}/share'
exec_prefix='${prefix}'
host='i686-pc-linux-gnu'
host_alias=''
host_cpu='i686'
host_os='linux-gnu'
host_vendor='pc'
includedir='${prefix}/include'
infodir='${prefix}/info'
install_sh='/mnt/sdb/bin/ruby-ham/ext/hamlib-1.2.8/libltdl/install-sh'
libdir='${exec_prefix}/lib'
libexecdir='${exec_prefix}/libexec'
localstatedir='${prefix}/var'
mandir='${prefix}/man'
mkdir_p='mkdir -p -- .'
oldincludedir='/usr/include'
prefix='/usr/local'
program_transform_name='s,x,x,'
sbindir='${exec_prefix}/sbin'
sharedstatedir='${prefix}/com'
sysconfdir='${prefix}/etc'
target_alias=''

## ----------- ##
## confdefs.h. ##
## ----------- ##

#define HAVE_ARGZ_APPEND 1
#define HAVE_ARGZ_CREATE_SEP 1
#define HAVE_ARGZ_H 1
#define HAVE_ARGZ_INSERT 1
#define HAVE_ARGZ_NEXT 1
#define HAVE_ARGZ_STRINGIFY 1
#define HAVE_ASSERT_H 1
#define HAVE_CLOSEDIR 1
#define HAVE_CTYPE_H 1
#define HAVE_DIRENT_H 1
#define HAVE_DLERROR 1
#define HAVE_DLFCN_H 1
#define HAVE_ERRNO_H 1
#define HAVE_ERROR_T 1
#define HAVE_INTTYPES_H 1
#define HAVE_LIBDL 1
#define HAVE_MALLOC_H 1
#define HAVE_MEMCPY 1
#define HAVE_MEMMOVE 1
#define HAVE_MEMORY_H 1
#define HAVE_MEMORY_H 1
#define HAVE_OPENDIR 1
#define HAVE_PRELOADED_SYMBOLS 1
#define HAVE_READDIR 1
#define HAVE_STDINT_H 1
#define HAVE_STDIO_H 1
#define HAVE_STDLIB_H 1
#define HAVE_STDLIB_H 1
#define HAVE_STRCHR 1
#define HAVE_STRCMP 1
#define HAVE_STRINGS_H 1
#define HAVE_STRING_H 1
#define HAVE_STRING_H 1
#define HAVE_STRRCHR 1
#define HAVE_SYS_STAT_H 1
#define HAVE_SYS_TYPES_H 1
#define HAVE_UNISTD_H 1
#define HAVE_UNISTD_H 1
#define LTDL_OBJDIR ".libs/"
#define LTDL_SHLIBPATH_VAR "LD_LIBRARY_PATH"
#define LTDL_SHLIB_EXT ".so"
#define LTDL_SYSSEARCHPATH "/lib:/usr/lib:include:/etc/ld.so.conf.d/atlas.conf:/etc/ld.so.conf.d/i486-linux-gnu.conf:/etc/ld.so.conf.d/libc.conf"
#define PACKAGE_BUGREPORT "bug-libtool@gnu.org"
#define PACKAGE_NAME "libltdl"
#define PACKAGE_STRING "libltdl 1.2"
#define PACKAGE_TARNAME "libltdl"
#define PACKAGE_VERSION "1.2"
#define STDC_HEADERS 1
#endif
#ifdef __cplusplus
extern "C" void exit (int) throw ();

configure: exit 0
